<?xml version="1.0" encoding="UTF-8"?>
<!-- Generated by org.testng.reporters.JUnitXMLReporter -->
<testsuite hostname="senthilvenu" name="Command line test" tests="6" failures="0" timestamp="8 Jul 2018 15:30:05 GMT" time="0.044" errors="0">
  <testcase name="sampleTest" time="0.008" classname="TestingFramework.Test1"/>
  <testcase name="sampletTest2" time="0.0" classname="TestingFramework.Test1"/>
  <testcase name="sampleTest" time="0.0" classname="TestingFramework.Test2"/>
  <testcase name="sampletTest2" time="0.0" classname="TestingFramework.Test2"/>
  <testcase name="sampleTest" time="0.0" classname="TestingFramework.Test3"/>
  <testcase name="sampletTest2" time="0.0" classname="TestingFramework.Test3"/>
</testsuite> <!-- Command line test -->
