<?xml version="1.0" encoding="UTF-8"?>
<!-- Generated by org.testng.reporters.JUnitXMLReporter -->
<testsuite hostname="senthilvenu" name="Test" tests="4" failures="0" timestamp="8 Jul 2018 15:32:00 GMT" time="0.032" errors="0">
  <testcase name="sampleTest" time="0.0" classname="TestingFramework.Test2"/>
  <testcase name="sampletTest2" time="0.0" classname="TestingFramework.Test2"/>
  <testcase name="sampleTest" time="0.0" classname="TestingFramework.Test3"/>
  <testcase name="sampletTest2" time="0.0" classname="TestingFramework.Test3"/>
</testsuite> <!-- Test -->
